Starting audit...
[ERROR] /home/cihl-132/Documents/Juniors-2018/Github-ADS1/4.1 Balanced Paranthesis/Solution.java:4: Missing a Javadoc comment. [JavadocType]
[ERROR] /home/cihl-132/Documents/Juniors-2018/Github-ADS1/4.1 Balanced Paranthesis/Solution.java:5:5: Missing a Javadoc comment. [JavadocVariable]
[ERROR] /home/cihl-132/Documents/Juniors-2018/Github-ADS1/4.1 Balanced Paranthesis/Solution.java:6:5: Missing a Javadoc comment. [JavadocVariable]
[ERROR] /home/cihl-132/Documents/Juniors-2018/Github-ADS1/4.1 Balanced Paranthesis/Solution.java:9: Missing a Javadoc comment. [JavadocType]
[ERROR] /home/cihl-132/Documents/Juniors-2018/Github-ADS1/4.1 Balanced Paranthesis/Solution.java:10:9: Missing a Javadoc comment. [JavadocVariable]
[ERROR] /home/cihl-132/Documents/Juniors-2018/Github-ADS1/4.1 Balanced Paranthesis/Solution.java:11:9: Missing a Javadoc comment. [JavadocVariable]
[ERROR] /home/cihl-132/Documents/Juniors-2018/Github-ADS1/4.1 Balanced Paranthesis/Solution.java:17:5: Redundant 'public' modifier. [RedundantModifier]
[ERROR] /home/cihl-132/Documents/Juniors-2018/Github-ADS1/4.1 Balanced Paranthesis/Solution.java:45:22: Parameter item should be final. [FinalParameters]
[ERROR] /home/cihl-132/Documents/Juniors-2018/Github-ADS1/4.1 Balanced Paranthesis/Solution.java:61: 'if' construct must use '{}'s. [NeedBraces]
[ERROR] /home/cihl-132/Documents/Juniors-2018/Github-ADS1/4.1 Balanced Paranthesis/Solution.java:76: 'if' construct must use '{}'s. [NeedBraces]
[ERROR] /home/cihl-132/Documents/Juniors-2018/Github-ADS1/4.1 Balanced Paranthesis/Solution.java:83: Missing a Javadoc comment. [JavadocType]
[ERROR] /home/cihl-132/Documents/Juniors-2018/Github-ADS1/4.1 Balanced Paranthesis/Solution.java:85:1: File contains tab characters (this is the first instance). [FileTabCharacter]
[ERROR] /home/cihl-132/Documents/Juniors-2018/Github-ADS1/4.1 Balanced Paranthesis/Solution.java:85:9: Missing a Javadoc comment. [JavadocVariable]
[ERROR] /home/cihl-132/Documents/Juniors-2018/Github-ADS1/4.1 Balanced Paranthesis/Solution.java:85:16: Variable 'expression' must be private and have accessor methods. [VisibilityModifier]
[ERROR] /home/cihl-132/Documents/Juniors-2018/Github-ADS1/4.1 Balanced Paranthesis/Solution.java:86:9: Missing a Javadoc comment. [JavadocMethod]
[ERROR] /home/cihl-132/Documents/Juniors-2018/Github-ADS1/4.1 Balanced Paranthesis/Solution.java:86:29: Parameter ex should be final. [FinalParameters]
[ERROR] /home/cihl-132/Documents/Juniors-2018/Github-ADS1/4.1 Balanced Paranthesis/Solution.java:90: Line has trailing spaces. [RegexpSingleline]
[ERROR] /home/cihl-132/Documents/Juniors-2018/Github-ADS1/4.1 Balanced Paranthesis/Solution.java:91:9: Missing a Javadoc comment. [JavadocMethod]
[ERROR] /home/cihl-132/Documents/Juniors-2018/Github-ADS1/4.1 Balanced Paranthesis/Solution.java:114: Missing a Javadoc comment. [JavadocType]
[ERROR] /home/cihl-132/Documents/Juniors-2018/Github-ADS1/4.1 Balanced Paranthesis/Solution.java:114:1: Utility classes should not have a public or default constructor. [HideUtilityClassConstructor]
[ERROR] /home/cihl-132/Documents/Juniors-2018/Github-ADS1/4.1 Balanced Paranthesis/Solution.java:115: Line has trailing spaces. [RegexpSingleline]
[ERROR] /home/cihl-132/Documents/Juniors-2018/Github-ADS1/4.1 Balanced Paranthesis/Solution.java:116:5: Missing a Javadoc comment. [JavadocMethod]
[ERROR] /home/cihl-132/Documents/Juniors-2018/Github-ADS1/4.1 Balanced Paranthesis/Solution.java:116:29: Parameter args should be final. [FinalParameters]
[ERROR] /home/cihl-132/Documents/Juniors-2018/Github-ADS1/4.1 Balanced Paranthesis/Solution.java:121: Line is longer than 80 characters (found 83). [LineLength]
[ERROR] /home/cihl-132/Documents/Juniors-2018/Github-ADS1/4.1 Balanced Paranthesis/Solution.java:122:32: '(' is followed by whitespace. [ParenPad]
[ERROR] /home/cihl-132/Documents/Juniors-2018/Github-ADS1/4.1 Balanced Paranthesis/Solution.java:122:57: Avoid inline conditionals. [AvoidInlineConditionals]
[ERROR] /home/cihl-132/Documents/Juniors-2018/Github-ADS1/4.1 Balanced Paranthesis/Solution.java:122:71: ')' is preceded with whitespace. [ParenPad]
Audit done.
Checkstyle ends with 27 errors.
